<?xml version="1.0" encoding="UTF-8"?>
<testng-results skipped="0" failed="0" total="1" passed="1">
  <reporter-output>
  </reporter-output>
  <suite name="Default suite" duration-ms="61721" started-at="2016-08-22T17:07:02Z" finished-at="2016-08-22T17:08:04Z">
    <groups>
    </groups>
    <test name="Default test" duration-ms="61721" started-at="2016-08-22T17:07:02Z" finished-at="2016-08-22T17:08:04Z">
      <class name="ffmaven.ffa.AppTest">
        <test-method status="PASS" signature="testApp()[pri:0, instance:ffmaven.ffa.AppTest@18d6a3]" name="testApp" duration-ms="61706" started-at="2016-08-22T22:37:02Z" finished-at="2016-08-22T22:38:04Z">
          <reporter-output>
          </reporter-output>
        </test-method> <!-- testApp -->
        <test-method status="PASS" signature="closeBrowser()[pri:0, instance:ffmaven.ffa.AppTest@18d6a3]" name="closeBrowser" is-config="true" duration-ms="1240" started-at="2016-08-22T22:38:04Z" finished-at="2016-08-22T22:38:05Z">
          <reporter-output>
          </reporter-output>
        </test-method> <!-- closeBrowser -->
      </class> <!-- ffmaven.ffa.AppTest -->
    </test> <!-- Default test -->
  </suite> <!-- Default suite -->
</testng-results>
